<?xml version="1.0" encoding="UTF-8"?>
<testsuite xmlns:xsi="http://www.w3.org/2001/XMLSchema-instance" xsi:noNamespaceSchemaLocation="https://maven.apache.org/surefire/maven-surefire-plugin/xsd/surefire-test-report.xsd" name="sets.SetOfNaturalsTest" time="0.002" tests="4" errors="0" skipped="0" failures="0">
  <properties>
[...]
</properties>
  <testcase name="testAddElement" classname="sets.SetOfNaturalsTest" time="0"/>
  <testcase name="testAddBadArray" classname="sets.SetOfNaturalsTest" time="0"/>
  <testcase name="testIntersectForNoIntersection" classname="sets.SetOfNaturalsTest" time="0"/>
  <testcase name="testIsEmpty" classname="sets.SetOfNaturalsTest" time="0"/>
</testsuite>